2019/05/06-13:57 [main] INFO  com.kiwi.poker.PokerApplication- Starting PokerApplication on Necronomicon with PID 7472 (D:\projects\poker\target\classes started by 61640 in D:\projects\poker)
2019/05/06-13:57 [main] INFO  com.kiwi.poker.PokerApplication- No active profile set, falling back to default profiles: default
2019/05/06-13:57 [main] INFO  org.springframework.boot.web.embedded.tomcat.TomcatWebServer- Tomcat initialized with port(s): 8080 (http)
2019/05/06-13:57 [main] INFO  org.apache.catalina.core.StandardService- Starting service [Tomcat]
2019/05/06-13:57 [main] INFO  org.apache.catalina.core.StandardEngine- Starting Servlet engine: [Apache Tomcat/9.0.17]
2019/05/06-13:57 [main] INFO  org.apache.catalina.core.ContainerBase.[Tomcat].[localhost].[/]- Initializing Spring embedded WebApplicationContext
2019/05/06-13:57 [main] INFO  org.springframework.web.context.ContextLoader- Root WebApplicationContext: initialization completed in 1302 ms
2019/05/06-13:57 [main] INFO  org.springframework.scheduling.concurrent.ThreadPoolTaskExecutor- Initializing ExecutorService 'applicationTaskExecutor'
2019/05/06-13:57 [main] INFO  org.springframework.boot.web.embedded.tomcat.TomcatWebServer- Tomcat started on port(s): 8080 (http) with context path ''
2019/05/06-13:57 [main] INFO  com.kiwi.poker.PokerApplication- Started PokerApplication in 2.483 seconds (JVM running for 6.575)
2019/05/06-13:59 [http-nio-8080-exec-2] INFO  org.apache.catalina.core.ContainerBase.[Tomcat].[localhost].[/]- Initializing Spring DispatcherServlet 'dispatcherServlet'
2019/05/06-13:59 [http-nio-8080-exec-2] INFO  org.springframework.web.servlet.DispatcherServlet- Initializing Servlet 'dispatcherServlet'
2019/05/06-13:59 [http-nio-8080-exec-2] INFO  org.springframework.web.servlet.DispatcherServlet- Completed initialization in 8 ms
2019/05/06-14:00 [main] INFO  com.kiwi.poker.PokerApplication- Starting PokerApplication on Necronomicon with PID 21364 (D:\projects\poker\target\classes started by 61640 in D:\projects\poker)
2019/05/06-14:00 [main] INFO  com.kiwi.poker.PokerApplication- No active profile set, falling back to default profiles: default
2019/05/06-14:00 [main] INFO  org.springframework.boot.web.embedded.tomcat.TomcatWebServer- Tomcat initialized with port(s): 8080 (http)
2019/05/06-14:00 [main] INFO  org.apache.catalina.core.StandardService- Starting service [Tomcat]
2019/05/06-14:00 [main] INFO  org.apache.catalina.core.StandardEngine- Starting Servlet engine: [Apache Tomcat/9.0.17]
2019/05/06-14:00 [main] INFO  org.apache.catalina.core.ContainerBase.[Tomcat].[localhost].[/]- Initializing Spring embedded WebApplicationContext
2019/05/06-14:00 [main] INFO  org.springframework.web.context.ContextLoader- Root WebApplicationContext: initialization completed in 1019 ms
2019/05/06-14:00 [main] INFO  org.springframework.scheduling.concurrent.ThreadPoolTaskExecutor- Initializing ExecutorService 'applicationTaskExecutor'
2019/05/06-14:00 [main] INFO  org.springframework.boot.web.embedded.tomcat.TomcatWebServer- Tomcat started on port(s): 8080 (http) with context path ''
2019/05/06-14:00 [main] INFO  com.kiwi.poker.PokerApplication- Started PokerApplication in 1.815 seconds (JVM running for 3.917)
2019/05/06-14:00 [http-nio-8080-exec-2] INFO  org.apache.catalina.core.ContainerBase.[Tomcat].[localhost].[/]- Initializing Spring DispatcherServlet 'dispatcherServlet'
2019/05/06-14:00 [http-nio-8080-exec-2] INFO  org.springframework.web.servlet.DispatcherServlet- Initializing Servlet 'dispatcherServlet'
2019/05/06-14:00 [http-nio-8080-exec-2] INFO  org.springframework.web.servlet.DispatcherServlet- Completed initialization in 5 ms
2019/05/06-14:02 [http-nio-8080-exec-3] ERROR org.apache.coyote.http11.Http11NioProtocol- Error reading request, ignored
java.lang.IllegalArgumentException: Failed to create instance of POJO of type [com.kiwi.poker.controller.TexasPokerController]
	at org.apache.tomcat.websocket.pojo.PojoEndpointServer.onOpen(PojoEndpointServer.java:47)
	at org.apache.tomcat.websocket.server.WsHttpUpgradeHandler.init(WsHttpUpgradeHandler.java:133)
	at org.apache.coyote.AbstractProtocol$ConnectionHandler.process(AbstractProtocol.java:880)
	at org.apache.tomcat.util.net.NioEndpoint$SocketProcessor.doRun(NioEndpoint.java:1415)
	at org.apache.tomcat.util.net.SocketProcessorBase.run(SocketProcessorBase.java:49)
	at java.util.concurrent.ThreadPoolExecutor.runWorker(ThreadPoolExecutor.java:1149)
	at java.util.concurrent.ThreadPoolExecutor$Worker.run(ThreadPoolExecutor.java:624)
	at org.apache.tomcat.util.threads.TaskThread$WrappingRunnable.run(TaskThread.java:61)
	at java.lang.Thread.run(Thread.java:748)
Caused by: java.lang.InstantiationException: null
	at org.apache.tomcat.websocket.server.DefaultServerEndpointConfigurator.getEndpointInstance(DefaultServerEndpointConfigurator.java:40)
	at org.apache.tomcat.websocket.pojo.PojoEndpointServer.onOpen(PojoEndpointServer.java:44)
	... 8 common frames omitted
Caused by: java.lang.NoSuchMethodException: com.kiwi.poker.controller.TexasPokerController.<init>()
	at java.lang.Class.getConstructor0(Class.java:3082)
	at java.lang.Class.getConstructor(Class.java:1825)
	at org.apache.tomcat.websocket.server.DefaultServerEndpointConfigurator.getEndpointInstance(DefaultServerEndpointConfigurator.java:36)
	... 9 common frames omitted
2019/05/06-14:02 [http-nio-8080-exec-8] ERROR org.apache.coyote.http11.Http11NioProtocol- Error reading request, ignored
java.lang.IllegalArgumentException: Failed to create instance of POJO of type [com.kiwi.poker.controller.TexasPokerController]
	at org.apache.tomcat.websocket.pojo.PojoEndpointServer.onOpen(PojoEndpointServer.java:47)
	at org.apache.tomcat.websocket.server.WsHttpUpgradeHandler.init(WsHttpUpgradeHandler.java:133)
	at org.apache.coyote.AbstractProtocol$ConnectionHandler.process(AbstractProtocol.java:880)
	at org.apache.tomcat.util.net.NioEndpoint$SocketProcessor.doRun(NioEndpoint.java:1415)
	at org.apache.tomcat.util.net.SocketProcessorBase.run(SocketProcessorBase.java:49)
	at java.util.concurrent.ThreadPoolExecutor.runWorker(ThreadPoolExecutor.java:1149)
	at java.util.concurrent.ThreadPoolExecutor$Worker.run(ThreadPoolExecutor.java:624)
	at org.apache.tomcat.util.threads.TaskThread$WrappingRunnable.run(TaskThread.java:61)
	at java.lang.Thread.run(Thread.java:748)
Caused by: java.lang.InstantiationException: null
	at org.apache.tomcat.websocket.server.DefaultServerEndpointConfigurator.getEndpointInstance(DefaultServerEndpointConfigurator.java:40)
	at org.apache.tomcat.websocket.pojo.PojoEndpointServer.onOpen(PojoEndpointServer.java:44)
	... 8 common frames omitted
Caused by: java.lang.NoSuchMethodException: com.kiwi.poker.controller.TexasPokerController.<init>()
	at java.lang.Class.getConstructor0(Class.java:3082)
	at java.lang.Class.getConstructor(Class.java:1825)
	at org.apache.tomcat.websocket.server.DefaultServerEndpointConfigurator.getEndpointInstance(DefaultServerEndpointConfigurator.java:36)
	... 9 common frames omitted
2019/05/06-14:02 [http-nio-8080-exec-7] ERROR org.apache.coyote.http11.Http11NioProtocol- Error reading request, ignored
java.lang.IllegalArgumentException: Failed to create instance of POJO of type [com.kiwi.poker.controller.TexasPokerController]
	at org.apache.tomcat.websocket.pojo.PojoEndpointServer.onOpen(PojoEndpointServer.java:47)
	at org.apache.tomcat.websocket.server.WsHttpUpgradeHandler.init(WsHttpUpgradeHandler.java:133)
	at org.apache.coyote.AbstractProtocol$ConnectionHandler.process(AbstractProtocol.java:880)
	at org.apache.tomcat.util.net.NioEndpoint$SocketProcessor.doRun(NioEndpoint.java:1415)
	at org.apache.tomcat.util.net.SocketProcessorBase.run(SocketProcessorBase.java:49)
	at java.util.concurrent.ThreadPoolExecutor.runWorker(ThreadPoolExecutor.java:1149)
	at java.util.concurrent.ThreadPoolExecutor$Worker.run(ThreadPoolExecutor.java:624)
	at org.apache.tomcat.util.threads.TaskThread$WrappingRunnable.run(TaskThread.java:61)
	at java.lang.Thread.run(Thread.java:748)
Caused by: java.lang.InstantiationException: null
	at org.apache.tomcat.websocket.server.DefaultServerEndpointConfigurator.getEndpointInstance(DefaultServerEndpointConfigurator.java:40)
	at org.apache.tomcat.websocket.pojo.PojoEndpointServer.onOpen(PojoEndpointServer.java:44)
	... 8 common frames omitted
Caused by: java.lang.NoSuchMethodException: com.kiwi.poker.controller.TexasPokerController.<init>()
	at java.lang.Class.getConstructor0(Class.java:3082)
	at java.lang.Class.getConstructor(Class.java:1825)
	at org.apache.tomcat.websocket.server.DefaultServerEndpointConfigurator.getEndpointInstance(DefaultServerEndpointConfigurator.java:36)
	... 9 common frames omitted
2019/05/06-14:03 [main] INFO  com.kiwi.poker.PokerApplication- Starting PokerApplication on Necronomicon with PID 9696 (D:\projects\poker\target\classes started by 61640 in D:\projects\poker)
2019/05/06-14:03 [main] INFO  com.kiwi.poker.PokerApplication- No active profile set, falling back to default profiles: default
2019/05/06-14:03 [main] INFO  org.springframework.boot.web.embedded.tomcat.TomcatWebServer- Tomcat initialized with port(s): 8080 (http)
2019/05/06-14:03 [main] INFO  org.apache.catalina.core.StandardService- Starting service [Tomcat]
2019/05/06-14:03 [main] INFO  org.apache.catalina.core.StandardEngine- Starting Servlet engine: [Apache Tomcat/9.0.17]
2019/05/06-14:03 [main] INFO  org.apache.catalina.core.ContainerBase.[Tomcat].[localhost].[/]- Initializing Spring embedded WebApplicationContext
2019/05/06-14:03 [main] INFO  org.springframework.web.context.ContextLoader- Root WebApplicationContext: initialization completed in 1328 ms
2019/05/06-14:03 [main] INFO  org.springframework.scheduling.concurrent.ThreadPoolTaskExecutor- Initializing ExecutorService 'applicationTaskExecutor'
2019/05/06-14:03 [main] INFO  org.springframework.boot.web.embedded.tomcat.TomcatWebServer- Tomcat started on port(s): 8080 (http) with context path ''
2019/05/06-14:03 [main] INFO  com.kiwi.poker.PokerApplication- Started PokerApplication in 2.242 seconds (JVM running for 4.175)
2019/05/06-14:03 [http-nio-8080-exec-1] INFO  org.apache.catalina.core.ContainerBase.[Tomcat].[localhost].[/]- Initializing Spring DispatcherServlet 'dispatcherServlet'
2019/05/06-14:03 [http-nio-8080-exec-1] INFO  org.springframework.web.servlet.DispatcherServlet- Initializing Servlet 'dispatcherServlet'
2019/05/06-14:03 [http-nio-8080-exec-1] INFO  org.springframework.web.servlet.DispatcherServlet- Completed initialization in 5 ms
2019/05/06-14:04 [main] INFO  com.kiwi.poker.PokerApplication- Starting PokerApplication on Necronomicon with PID 20200 (D:\projects\poker\target\classes started by 61640 in D:\projects\poker)
2019/05/06-14:04 [main] INFO  com.kiwi.poker.PokerApplication- No active profile set, falling back to default profiles: default
2019/05/06-14:04 [main] INFO  org.springframework.boot.web.embedded.tomcat.TomcatWebServer- Tomcat initialized with port(s): 8080 (http)
2019/05/06-14:04 [main] INFO  org.apache.catalina.core.StandardService- Starting service [Tomcat]
2019/05/06-14:04 [main] INFO  org.apache.catalina.core.StandardEngine- Starting Servlet engine: [Apache Tomcat/9.0.17]
2019/05/06-14:04 [main] INFO  org.apache.catalina.core.ContainerBase.[Tomcat].[localhost].[/]- Initializing Spring embedded WebApplicationContext
2019/05/06-14:04 [main] INFO  org.springframework.web.context.ContextLoader- Root WebApplicationContext: initialization completed in 1142 ms
2019/05/06-14:04 [main] INFO  org.springframework.scheduling.concurrent.ThreadPoolTaskExecutor- Initializing ExecutorService 'applicationTaskExecutor'
2019/05/06-14:04 [main] INFO  org.springframework.boot.web.embedded.tomcat.TomcatWebServer- Tomcat started on port(s): 8080 (http) with context path ''
2019/05/06-14:04 [main] INFO  com.kiwi.poker.PokerApplication- Started PokerApplication in 2.037 seconds (JVM running for 4.922)
2019/05/06-14:04 [http-nio-8080-exec-2] INFO  org.apache.catalina.core.ContainerBase.[Tomcat].[localhost].[/]- Initializing Spring DispatcherServlet 'dispatcherServlet'
2019/05/06-14:04 [http-nio-8080-exec-2] INFO  org.springframework.web.servlet.DispatcherServlet- Initializing Servlet 'dispatcherServlet'
2019/05/06-14:04 [http-nio-8080-exec-2] INFO  org.springframework.web.servlet.DispatcherServlet- Completed initialization in 7 ms
2019/05/06-14:04 [http-nio-8080-exec-2] ERROR org.apache.coyote.http11.Http11NioProtocol- Error reading request, ignored
java.lang.IllegalArgumentException: Failed to create instance of POJO of type [com.kiwi.poker.controller.TexasPokerController]
	at org.apache.tomcat.websocket.pojo.PojoEndpointServer.onOpen(PojoEndpointServer.java:47)
	at org.apache.tomcat.websocket.server.WsHttpUpgradeHandler.init(WsHttpUpgradeHandler.java:133)
	at org.apache.coyote.AbstractProtocol$ConnectionHandler.process(AbstractProtocol.java:880)
	at org.apache.tomcat.util.net.NioEndpoint$SocketProcessor.doRun(NioEndpoint.java:1415)
	at org.apache.tomcat.util.net.SocketProcessorBase.run(SocketProcessorBase.java:49)
	at java.util.concurrent.ThreadPoolExecutor.runWorker(ThreadPoolExecutor.java:1149)
	at java.util.concurrent.ThreadPoolExecutor$Worker.run(ThreadPoolExecutor.java:624)
	at org.apache.tomcat.util.threads.TaskThread$WrappingRunnable.run(TaskThread.java:61)
	at java.lang.Thread.run(Thread.java:748)
Caused by: java.lang.InstantiationException: null
	at org.apache.tomcat.websocket.server.DefaultServerEndpointConfigurator.getEndpointInstance(DefaultServerEndpointConfigurator.java:40)
	at org.apache.tomcat.websocket.pojo.PojoEndpointServer.onOpen(PojoEndpointServer.java:44)
	... 8 common frames omitted
Caused by: java.lang.NoSuchMethodException: com.kiwi.poker.controller.TexasPokerController.<init>()
	at java.lang.Class.getConstructor0(Class.java:3082)
	at java.lang.Class.getConstructor(Class.java:1825)
	at org.apache.tomcat.websocket.server.DefaultServerEndpointConfigurator.getEndpointInstance(DefaultServerEndpointConfigurator.java:36)
	... 9 common frames omitted
2019/05/06-14:04 [http-nio-8080-exec-1] ERROR org.apache.coyote.http11.Http11NioProtocol- Error reading request, ignored
java.lang.IllegalArgumentException: Failed to create instance of POJO of type [com.kiwi.poker.controller.TexasPokerController]
	at org.apache.tomcat.websocket.pojo.PojoEndpointServer.onOpen(PojoEndpointServer.java:47)
	at org.apache.tomcat.websocket.server.WsHttpUpgradeHandler.init(WsHttpUpgradeHandler.java:133)
	at org.apache.coyote.AbstractProtocol$ConnectionHandler.process(AbstractProtocol.java:880)
	at org.apache.tomcat.util.net.NioEndpoint$SocketProcessor.doRun(NioEndpoint.java:1415)
	at org.apache.tomcat.util.net.SocketProcessorBase.run(SocketProcessorBase.java:49)
	at java.util.concurrent.ThreadPoolExecutor.runWorker(ThreadPoolExecutor.java:1149)
	at java.util.concurrent.ThreadPoolExecutor$Worker.run(ThreadPoolExecutor.java:624)
	at org.apache.tomcat.util.threads.TaskThread$WrappingRunnable.run(TaskThread.java:61)
	at java.lang.Thread.run(Thread.java:748)
Caused by: java.lang.InstantiationException: null
	at org.apache.tomcat.websocket.server.DefaultServerEndpointConfigurator.getEndpointInstance(DefaultServerEndpointConfigurator.java:40)
	at org.apache.tomcat.websocket.pojo.PojoEndpointServer.onOpen(PojoEndpointServer.java:44)
	... 8 common frames omitted
Caused by: java.lang.NoSuchMethodException: com.kiwi.poker.controller.TexasPokerController.<init>()
	at java.lang.Class.getConstructor0(Class.java:3082)
	at java.lang.Class.getConstructor(Class.java:1825)
	at org.apache.tomcat.websocket.server.DefaultServerEndpointConfigurator.getEndpointInstance(DefaultServerEndpointConfigurator.java:36)
	... 9 common frames omitted
2019/05/06-14:04 [http-nio-8080-exec-4] ERROR org.apache.coyote.http11.Http11NioProtocol- Error reading request, ignored
java.lang.IllegalArgumentException: Failed to create instance of POJO of type [com.kiwi.poker.controller.TexasPokerController]
	at org.apache.tomcat.websocket.pojo.PojoEndpointServer.onOpen(PojoEndpointServer.java:47)
	at org.apache.tomcat.websocket.server.WsHttpUpgradeHandler.init(WsHttpUpgradeHandler.java:133)
	at org.apache.coyote.AbstractProtocol$ConnectionHandler.process(AbstractProtocol.java:880)
	at org.apache.tomcat.util.net.NioEndpoint$SocketProcessor.doRun(NioEndpoint.java:1415)
	at org.apache.tomcat.util.net.SocketProcessorBase.run(SocketProcessorBase.java:49)
	at java.util.concurrent.ThreadPoolExecutor.runWorker(ThreadPoolExecutor.java:1149)
	at java.util.concurrent.ThreadPoolExecutor$Worker.run(ThreadPoolExecutor.java:624)
	at org.apache.tomcat.util.threads.TaskThread$WrappingRunnable.run(TaskThread.java:61)
	at java.lang.Thread.run(Thread.java:748)
Caused by: java.lang.InstantiationException: null
	at org.apache.tomcat.websocket.server.DefaultServerEndpointConfigurator.getEndpointInstance(DefaultServerEndpointConfigurator.java:40)
	at org.apache.tomcat.websocket.pojo.PojoEndpointServer.onOpen(PojoEndpointServer.java:44)
	... 8 common frames omitted
Caused by: java.lang.NoSuchMethodException: com.kiwi.poker.controller.TexasPokerController.<init>()
	at java.lang.Class.getConstructor0(Class.java:3082)
	at java.lang.Class.getConstructor(Class.java:1825)
	at org.apache.tomcat.websocket.server.DefaultServerEndpointConfigurator.getEndpointInstance(DefaultServerEndpointConfigurator.java:36)
	... 9 common frames omitted
2019/05/06-14:29 [http-nio-8080-exec-3] ERROR org.apache.coyote.http11.Http11NioProtocol- Error reading request, ignored
java.lang.IllegalArgumentException: Failed to create instance of POJO of type [com.kiwi.poker.controller.TexasPokerController]
	at org.apache.tomcat.websocket.pojo.PojoEndpointServer.onOpen(PojoEndpointServer.java:47)
	at org.apache.tomcat.websocket.server.WsHttpUpgradeHandler.init(WsHttpUpgradeHandler.java:133)
	at org.apache.coyote.AbstractProtocol$ConnectionHandler.process(AbstractProtocol.java:880)
	at org.apache.tomcat.util.net.NioEndpoint$SocketProcessor.doRun(NioEndpoint.java:1415)
	at org.apache.tomcat.util.net.SocketProcessorBase.run(SocketProcessorBase.java:49)
	at java.util.concurrent.ThreadPoolExecutor.runWorker(ThreadPoolExecutor.java:1149)
	at java.util.concurrent.ThreadPoolExecutor$Worker.run(ThreadPoolExecutor.java:624)
	at org.apache.tomcat.util.threads.TaskThread$WrappingRunnable.run(TaskThread.java:61)
	at java.lang.Thread.run(Thread.java:748)
Caused by: java.lang.InstantiationException: null
	at org.apache.tomcat.websocket.server.DefaultServerEndpointConfigurator.getEndpointInstance(DefaultServerEndpointConfigurator.java:40)
	at org.apache.tomcat.websocket.pojo.PojoEndpointServer.onOpen(PojoEndpointServer.java:44)
	... 8 common frames omitted
Caused by: java.lang.NoSuchMethodException: com.kiwi.poker.controller.TexasPokerController.<init>()
	at java.lang.Class.getConstructor0(Class.java:3082)
	at java.lang.Class.getConstructor(Class.java:1825)
	at org.apache.tomcat.websocket.server.DefaultServerEndpointConfigurator.getEndpointInstance(DefaultServerEndpointConfigurator.java:36)
	... 9 common frames omitted
2019/05/06-14:31 [main] INFO  com.kiwi.poker.PokerApplication- Starting PokerApplication on Necronomicon with PID 6400 (D:\projects\poker\target\classes started by 61640 in D:\projects\poker)
2019/05/06-14:31 [main] INFO  com.kiwi.poker.PokerApplication- No active profile set, falling back to default profiles: default
2019/05/06-14:31 [main] INFO  org.springframework.boot.web.embedded.tomcat.TomcatWebServer- Tomcat initialized with port(s): 8080 (http)
2019/05/06-14:31 [main] INFO  org.apache.catalina.core.StandardService- Starting service [Tomcat]
2019/05/06-14:31 [main] INFO  org.apache.catalina.core.StandardEngine- Starting Servlet engine: [Apache Tomcat/9.0.17]
2019/05/06-14:31 [main] INFO  org.apache.catalina.core.ContainerBase.[Tomcat].[localhost].[/]- Initializing Spring embedded WebApplicationContext
2019/05/06-14:31 [main] INFO  org.springframework.web.context.ContextLoader- Root WebApplicationContext: initialization completed in 1089 ms
2019/05/06-14:31 [main] INFO  org.springframework.scheduling.concurrent.ThreadPoolTaskExecutor- Initializing ExecutorService 'applicationTaskExecutor'
2019/05/06-14:31 [main] INFO  org.springframework.boot.web.embedded.tomcat.TomcatWebServer- Tomcat started on port(s): 8080 (http) with context path ''
2019/05/06-14:31 [main] INFO  com.kiwi.poker.PokerApplication- Started PokerApplication in 1.92 seconds (JVM running for 4.258)
2019/05/06-14:31 [http-nio-8080-exec-1] INFO  org.apache.catalina.core.ContainerBase.[Tomcat].[localhost].[/]- Initializing Spring DispatcherServlet 'dispatcherServlet'
2019/05/06-14:31 [http-nio-8080-exec-1] INFO  org.springframework.web.servlet.DispatcherServlet- Initializing Servlet 'dispatcherServlet'
2019/05/06-14:31 [http-nio-8080-exec-1] INFO  org.springframework.web.servlet.DispatcherServlet- Completed initialization in 5 ms
2019/05/06-14:31 [http-nio-8080-exec-1] ERROR org.apache.coyote.http11.Http11NioProtocol- Error reading request, ignored
java.lang.IllegalArgumentException: Failed to create instance of POJO of type [com.kiwi.poker.controller.TexasPokerController]
	at org.apache.tomcat.websocket.pojo.PojoEndpointServer.onOpen(PojoEndpointServer.java:47)
	at org.apache.tomcat.websocket.server.WsHttpUpgradeHandler.init(WsHttpUpgradeHandler.java:133)
	at org.apache.coyote.AbstractProtocol$ConnectionHandler.process(AbstractProtocol.java:880)
	at org.apache.tomcat.util.net.NioEndpoint$SocketProcessor.doRun(NioEndpoint.java:1415)
	at org.apache.tomcat.util.net.SocketProcessorBase.run(SocketProcessorBase.java:49)
	at java.util.concurrent.ThreadPoolExecutor.runWorker(ThreadPoolExecutor.java:1149)
	at java.util.concurrent.ThreadPoolExecutor$Worker.run(ThreadPoolExecutor.java:624)
	at org.apache.tomcat.util.threads.TaskThread$WrappingRunnable.run(TaskThread.java:61)
	at java.lang.Thread.run(Thread.java:748)
Caused by: java.lang.InstantiationException: null
	at org.apache.tomcat.websocket.server.DefaultServerEndpointConfigurator.getEndpointInstance(DefaultServerEndpointConfigurator.java:40)
	at org.apache.tomcat.websocket.pojo.PojoEndpointServer.onOpen(PojoEndpointServer.java:44)
	... 8 common frames omitted
Caused by: java.lang.NoSuchMethodException: com.kiwi.poker.controller.TexasPokerController.<init>()
	at java.lang.Class.getConstructor0(Class.java:3082)
	at java.lang.Class.getConstructor(Class.java:1825)
	at org.apache.tomcat.websocket.server.DefaultServerEndpointConfigurator.getEndpointInstance(DefaultServerEndpointConfigurator.java:36)
	... 9 common frames omitted
2019/05/06-14:35 [http-nio-8080-exec-2] ERROR org.apache.coyote.http11.Http11NioProtocol- Error reading request, ignored
java.lang.IllegalArgumentException: Failed to create instance of POJO of type [com.kiwi.poker.controller.TexasPokerController]
	at org.apache.tomcat.websocket.pojo.PojoEndpointServer.onOpen(PojoEndpointServer.java:47)
	at org.apache.tomcat.websocket.server.WsHttpUpgradeHandler.init(WsHttpUpgradeHandler.java:133)
	at org.apache.coyote.AbstractProtocol$ConnectionHandler.process(AbstractProtocol.java:880)
	at org.apache.tomcat.util.net.NioEndpoint$SocketProcessor.doRun(NioEndpoint.java:1415)
	at org.apache.tomcat.util.net.SocketProcessorBase.run(SocketProcessorBase.java:49)
	at java.util.concurrent.ThreadPoolExecutor.runWorker(ThreadPoolExecutor.java:1149)
	at java.util.concurrent.ThreadPoolExecutor$Worker.run(ThreadPoolExecutor.java:624)
	at org.apache.tomcat.util.threads.TaskThread$WrappingRunnable.run(TaskThread.java:61)
	at java.lang.Thread.run(Thread.java:748)
Caused by: java.lang.InstantiationException: null
	at org.apache.tomcat.websocket.server.DefaultServerEndpointConfigurator.getEndpointInstance(DefaultServerEndpointConfigurator.java:40)
	at org.apache.tomcat.websocket.pojo.PojoEndpointServer.onOpen(PojoEndpointServer.java:44)
	... 8 common frames omitted
Caused by: java.lang.NoSuchMethodException: com.kiwi.poker.controller.TexasPokerController.<init>()
	at java.lang.Class.getConstructor0(Class.java:3082)
	at java.lang.Class.getConstructor(Class.java:1825)
	at org.apache.tomcat.websocket.server.DefaultServerEndpointConfigurator.getEndpointInstance(DefaultServerEndpointConfigurator.java:36)
	... 9 common frames omitted
2019/05/06-14:39 [http-nio-8080-exec-5] ERROR org.apache.coyote.http11.Http11NioProtocol- Error reading request, ignored
java.lang.IllegalArgumentException: Failed to create instance of POJO of type [com.kiwi.poker.controller.TexasPokerController]
	at org.apache.tomcat.websocket.pojo.PojoEndpointServer.onOpen(PojoEndpointServer.java:47)
	at org.apache.tomcat.websocket.server.WsHttpUpgradeHandler.init(WsHttpUpgradeHandler.java:133)
	at org.apache.coyote.AbstractProtocol$ConnectionHandler.process(AbstractProtocol.java:880)
	at org.apache.tomcat.util.net.NioEndpoint$SocketProcessor.doRun(NioEndpoint.java:1415)
	at org.apache.tomcat.util.net.SocketProcessorBase.run(SocketProcessorBase.java:49)
	at java.util.concurrent.ThreadPoolExecutor.runWorker(ThreadPoolExecutor.java:1149)
	at java.util.concurrent.ThreadPoolExecutor$Worker.run(ThreadPoolExecutor.java:624)
	at org.apache.tomcat.util.threads.TaskThread$WrappingRunnable.run(TaskThread.java:61)
	at java.lang.Thread.run(Thread.java:748)
Caused by: java.lang.InstantiationException: null
	at org.apache.tomcat.websocket.server.DefaultServerEndpointConfigurator.getEndpointInstance(DefaultServerEndpointConfigurator.java:40)
	at org.apache.tomcat.websocket.pojo.PojoEndpointServer.onOpen(PojoEndpointServer.java:44)
	... 8 common frames omitted
Caused by: java.lang.NoSuchMethodException: com.kiwi.poker.controller.TexasPokerController.<init>()
	at java.lang.Class.getConstructor0(Class.java:3082)
	at java.lang.Class.getConstructor(Class.java:1825)
	at org.apache.tomcat.websocket.server.DefaultServerEndpointConfigurator.getEndpointInstance(DefaultServerEndpointConfigurator.java:36)
	... 9 common frames omitted
2019/05/06-15:46 [main] INFO  com.kiwi.poker.PokerApplication- Starting PokerApplication on Necronomicon with PID 14840 (D:\projects\poker\target\classes started by 61640 in D:\projects\poker)
2019/05/06-15:46 [main] INFO  com.kiwi.poker.PokerApplication- No active profile set, falling back to default profiles: default
2019/05/06-15:46 [main] INFO  org.springframework.boot.web.embedded.tomcat.TomcatWebServer- Tomcat initialized with port(s): 8080 (http)
2019/05/06-15:46 [main] INFO  org.apache.catalina.core.StandardService- Starting service [Tomcat]
2019/05/06-15:46 [main] INFO  org.apache.catalina.core.StandardEngine- Starting Servlet engine: [Apache Tomcat/9.0.17]
2019/05/06-15:46 [main] INFO  org.apache.catalina.core.ContainerBase.[Tomcat].[localhost].[/]- Initializing Spring embedded WebApplicationContext
2019/05/06-15:46 [main] INFO  org.springframework.web.context.ContextLoader- Root WebApplicationContext: initialization completed in 1040 ms
2019/05/06-15:46 [main] INFO  org.springframework.scheduling.concurrent.ThreadPoolTaskExecutor- Initializing ExecutorService 'applicationTaskExecutor'
2019/05/06-15:46 [main] INFO  org.springframework.boot.web.embedded.tomcat.TomcatWebServer- Tomcat started on port(s): 8080 (http) with context path ''
2019/05/06-15:46 [main] INFO  com.kiwi.poker.PokerApplication- Started PokerApplication in 2.01 seconds (JVM running for 4.236)
2019/05/06-15:47 [http-nio-8080-exec-2] INFO  org.apache.catalina.core.ContainerBase.[Tomcat].[localhost].[/]- Initializing Spring DispatcherServlet 'dispatcherServlet'
2019/05/06-15:47 [http-nio-8080-exec-2] INFO  org.springframework.web.servlet.DispatcherServlet- Initializing Servlet 'dispatcherServlet'
2019/05/06-15:47 [http-nio-8080-exec-2] INFO  org.springframework.web.servlet.DispatcherServlet- Completed initialization in 6 ms
2019/05/06-15:47 [http-nio-8080-exec-3] ERROR org.apache.coyote.http11.Http11NioProtocol- Error reading request, ignored
java.lang.IllegalArgumentException: Failed to create instance of POJO of type [com.kiwi.poker.controller.TexasPokerController]
	at org.apache.tomcat.websocket.pojo.PojoEndpointServer.onOpen(PojoEndpointServer.java:47)
	at org.apache.tomcat.websocket.server.WsHttpUpgradeHandler.init(WsHttpUpgradeHandler.java:133)
	at org.apache.coyote.AbstractProtocol$ConnectionHandler.process(AbstractProtocol.java:880)
	at org.apache.tomcat.util.net.NioEndpoint$SocketProcessor.doRun(NioEndpoint.java:1415)
	at org.apache.tomcat.util.net.SocketProcessorBase.run(SocketProcessorBase.java:49)
	at java.util.concurrent.ThreadPoolExecutor.runWorker(ThreadPoolExecutor.java:1149)
	at java.util.concurrent.ThreadPoolExecutor$Worker.run(ThreadPoolExecutor.java:624)
	at org.apache.tomcat.util.threads.TaskThread$WrappingRunnable.run(TaskThread.java:61)
	at java.lang.Thread.run(Thread.java:748)
Caused by: java.lang.InstantiationException: null
	at org.apache.tomcat.websocket.server.DefaultServerEndpointConfigurator.getEndpointInstance(DefaultServerEndpointConfigurator.java:40)
	at org.apache.tomcat.websocket.pojo.PojoEndpointServer.onOpen(PojoEndpointServer.java:44)
	... 8 common frames omitted
Caused by: java.lang.NoSuchMethodException: com.kiwi.poker.controller.TexasPokerController.<init>()
	at java.lang.Class.getConstructor0(Class.java:3082)
	at java.lang.Class.getConstructor(Class.java:1825)
	at org.apache.tomcat.websocket.server.DefaultServerEndpointConfigurator.getEndpointInstance(DefaultServerEndpointConfigurator.java:36)
	... 9 common frames omitted
2019/05/06-15:48 [main] INFO  com.kiwi.poker.PokerApplication- Starting PokerApplication on Necronomicon with PID 25012 (D:\projects\poker\target\classes started by 61640 in D:\projects\poker)
2019/05/06-15:48 [main] INFO  com.kiwi.poker.PokerApplication- No active profile set, falling back to default profiles: default
2019/05/06-15:48 [main] INFO  org.springframework.boot.web.embedded.tomcat.TomcatWebServer- Tomcat initialized with port(s): 8080 (http)
2019/05/06-15:48 [main] INFO  org.apache.catalina.core.StandardService- Starting service [Tomcat]
2019/05/06-15:48 [main] INFO  org.apache.catalina.core.StandardEngine- Starting Servlet engine: [Apache Tomcat/9.0.17]
2019/05/06-15:48 [main] INFO  org.apache.catalina.core.ContainerBase.[Tomcat].[localhost].[/]- Initializing Spring embedded WebApplicationContext
2019/05/06-15:48 [main] INFO  org.springframework.web.context.ContextLoader- Root WebApplicationContext: initialization completed in 1210 ms
2019/05/06-15:48 [main] INFO  org.springframework.scheduling.concurrent.ThreadPoolTaskExecutor- Initializing ExecutorService 'applicationTaskExecutor'
2019/05/06-15:48 [main] INFO  org.springframework.boot.web.embedded.tomcat.TomcatWebServer- Tomcat started on port(s): 8080 (http) with context path ''
2019/05/06-15:48 [main] INFO  com.kiwi.poker.PokerApplication- Started PokerApplication in 2.29 seconds (JVM running for 4.535)
2019/05/06-15:49 [main] INFO  com.kiwi.poker.PokerApplication- Starting PokerApplication on Necronomicon with PID 23708 (D:\projects\poker\target\classes started by 61640 in D:\projects\poker)
2019/05/06-15:49 [main] INFO  com.kiwi.poker.PokerApplication- No active profile set, falling back to default profiles: default
2019/05/06-15:49 [main] INFO  org.springframework.boot.web.embedded.tomcat.TomcatWebServer- Tomcat initialized with port(s): 8080 (http)
2019/05/06-15:49 [main] INFO  org.apache.catalina.core.StandardService- Starting service [Tomcat]
2019/05/06-15:49 [main] INFO  org.apache.catalina.core.StandardEngine- Starting Servlet engine: [Apache Tomcat/9.0.17]
2019/05/06-15:49 [main] INFO  org.apache.catalina.core.ContainerBase.[Tomcat].[localhost].[/]- Initializing Spring embedded WebApplicationContext
2019/05/06-15:49 [main] INFO  org.springframework.web.context.ContextLoader- Root WebApplicationContext: initialization completed in 1264 ms
2019/05/06-15:49 [main] INFO  org.springframework.scheduling.concurrent.ThreadPoolTaskExecutor- Initializing ExecutorService 'applicationTaskExecutor'
2019/05/06-15:49 [main] INFO  org.springframework.boot.web.embedded.tomcat.TomcatWebServer- Tomcat started on port(s): 8080 (http) with context path ''
2019/05/06-15:49 [main] INFO  com.kiwi.poker.PokerApplication- Started PokerApplication in 2.217 seconds (JVM running for 4.638)
2019/05/06-15:49 [http-nio-8080-exec-1] INFO  org.apache.catalina.core.ContainerBase.[Tomcat].[localhost].[/]- Initializing Spring DispatcherServlet 'dispatcherServlet'
2019/05/06-15:49 [http-nio-8080-exec-1] INFO  org.springframework.web.servlet.DispatcherServlet- Initializing Servlet 'dispatcherServlet'
2019/05/06-15:49 [http-nio-8080-exec-1] INFO  org.springframework.web.servlet.DispatcherServlet- Completed initialization in 4 ms
2019/05/06-15:49 [http-nio-8080-exec-1] ERROR org.apache.coyote.http11.Http11NioProtocol- Error reading request, ignored
java.lang.IllegalArgumentException: Failed to create instance of POJO of type [com.kiwi.poker.controller.TexasPokerController]
	at org.apache.tomcat.websocket.pojo.PojoEndpointServer.onOpen(PojoEndpointServer.java:47)
	at org.apache.tomcat.websocket.server.WsHttpUpgradeHandler.init(WsHttpUpgradeHandler.java:133)
	at org.apache.coyote.AbstractProtocol$ConnectionHandler.process(AbstractProtocol.java:880)
	at org.apache.tomcat.util.net.NioEndpoint$SocketProcessor.doRun(NioEndpoint.java:1415)
	at org.apache.tomcat.util.net.SocketProcessorBase.run(SocketProcessorBase.java:49)
	at java.util.concurrent.ThreadPoolExecutor.runWorker(ThreadPoolExecutor.java:1149)
	at java.util.concurrent.ThreadPoolExecutor$Worker.run(ThreadPoolExecutor.java:624)
	at org.apache.tomcat.util.threads.TaskThread$WrappingRunnable.run(TaskThread.java:61)
	at java.lang.Thread.run(Thread.java:748)
Caused by: java.lang.InstantiationException: null
	at org.apache.tomcat.websocket.server.DefaultServerEndpointConfigurator.getEndpointInstance(DefaultServerEndpointConfigurator.java:40)
	at org.apache.tomcat.websocket.pojo.PojoEndpointServer.onOpen(PojoEndpointServer.java:44)
	... 8 common frames omitted
Caused by: java.lang.NoSuchMethodException: com.kiwi.poker.controller.TexasPokerController.<init>()
	at java.lang.Class.getConstructor0(Class.java:3082)
	at java.lang.Class.getConstructor(Class.java:1825)
	at org.apache.tomcat.websocket.server.DefaultServerEndpointConfigurator.getEndpointInstance(DefaultServerEndpointConfigurator.java:36)
	... 9 common frames omitted
2019/05/06-15:49 [http-nio-8080-exec-2] ERROR org.apache.coyote.http11.Http11NioProtocol- Error reading request, ignored
java.lang.IllegalArgumentException: Failed to create instance of POJO of type [com.kiwi.poker.controller.TexasPokerController]
	at org.apache.tomcat.websocket.pojo.PojoEndpointServer.onOpen(PojoEndpointServer.java:47)
	at org.apache.tomcat.websocket.server.WsHttpUpgradeHandler.init(WsHttpUpgradeHandler.java:133)
	at org.apache.coyote.AbstractProtocol$ConnectionHandler.process(AbstractProtocol.java:880)
	at org.apache.tomcat.util.net.NioEndpoint$SocketProcessor.doRun(NioEndpoint.java:1415)
	at org.apache.tomcat.util.net.SocketProcessorBase.run(SocketProcessorBase.java:49)
	at java.util.concurrent.ThreadPoolExecutor.runWorker(ThreadPoolExecutor.java:1149)
	at java.util.concurrent.ThreadPoolExecutor$Worker.run(ThreadPoolExecutor.java:624)
	at org.apache.tomcat.util.threads.TaskThread$WrappingRunnable.run(TaskThread.java:61)
	at java.lang.Thread.run(Thread.java:748)
Caused by: java.lang.InstantiationException: null
	at org.apache.tomcat.websocket.server.DefaultServerEndpointConfigurator.getEndpointInstance(DefaultServerEndpointConfigurator.java:40)
	at org.apache.tomcat.websocket.pojo.PojoEndpointServer.onOpen(PojoEndpointServer.java:44)
	... 8 common frames omitted
Caused by: java.lang.NoSuchMethodException: com.kiwi.poker.controller.TexasPokerController.<init>()
	at java.lang.Class.getConstructor0(Class.java:3082)
	at java.lang.Class.getConstructor(Class.java:1825)
	at org.apache.tomcat.websocket.server.DefaultServerEndpointConfigurator.getEndpointInstance(DefaultServerEndpointConfigurator.java:36)
	... 9 common frames omitted
2019/05/06-15:49 [http-nio-8080-exec-3] ERROR org.apache.coyote.http11.Http11NioProtocol- Error reading request, ignored
java.lang.IllegalArgumentException: Failed to create instance of POJO of type [com.kiwi.poker.controller.TexasPokerController]
	at org.apache.tomcat.websocket.pojo.PojoEndpointServer.onOpen(PojoEndpointServer.java:47)
	at org.apache.tomcat.websocket.server.WsHttpUpgradeHandler.init(WsHttpUpgradeHandler.java:133)
	at org.apache.coyote.AbstractProtocol$ConnectionHandler.process(AbstractProtocol.java:880)
	at org.apache.tomcat.util.net.NioEndpoint$SocketProcessor.doRun(NioEndpoint.java:1415)
	at org.apache.tomcat.util.net.SocketProcessorBase.run(SocketProcessorBase.java:49)
	at java.util.concurrent.ThreadPoolExecutor.runWorker(ThreadPoolExecutor.java:1149)
	at java.util.concurrent.ThreadPoolExecutor$Worker.run(ThreadPoolExecutor.java:624)
	at org.apache.tomcat.util.threads.TaskThread$WrappingRunnable.run(TaskThread.java:61)
	at java.lang.Thread.run(Thread.java:748)
Caused by: java.lang.InstantiationException: null
	at org.apache.tomcat.websocket.server.DefaultServerEndpointConfigurator.getEndpointInstance(DefaultServerEndpointConfigurator.java:40)
	at org.apache.tomcat.websocket.pojo.PojoEndpointServer.onOpen(PojoEndpointServer.java:44)
	... 8 common frames omitted
Caused by: java.lang.NoSuchMethodException: com.kiwi.poker.controller.TexasPokerController.<init>()
	at java.lang.Class.getConstructor0(Class.java:3082)
	at java.lang.Class.getConstructor(Class.java:1825)
	at org.apache.tomcat.websocket.server.DefaultServerEndpointConfigurator.getEndpointInstance(DefaultServerEndpointConfigurator.java:36)
	... 9 common frames omitted
2019/05/06-15:49 [http-nio-8080-exec-4] ERROR org.apache.coyote.http11.Http11NioProtocol- Error reading request, ignored
java.lang.IllegalArgumentException: Failed to create instance of POJO of type [com.kiwi.poker.controller.TexasPokerController]
	at org.apache.tomcat.websocket.pojo.PojoEndpointServer.onOpen(PojoEndpointServer.java:47)
	at org.apache.tomcat.websocket.server.WsHttpUpgradeHandler.init(WsHttpUpgradeHandler.java:133)
	at org.apache.coyote.AbstractProtocol$ConnectionHandler.process(AbstractProtocol.java:880)
	at org.apache.tomcat.util.net.NioEndpoint$SocketProcessor.doRun(NioEndpoint.java:1415)
	at org.apache.tomcat.util.net.SocketProcessorBase.run(SocketProcessorBase.java:49)
	at java.util.concurrent.ThreadPoolExecutor.runWorker(ThreadPoolExecutor.java:1149)
	at java.util.concurrent.ThreadPoolExecutor$Worker.run(ThreadPoolExecutor.java:624)
	at org.apache.tomcat.util.threads.TaskThread$WrappingRunnable.run(TaskThread.java:61)
	at java.lang.Thread.run(Thread.java:748)
Caused by: java.lang.InstantiationException: null
	at org.apache.tomcat.websocket.server.DefaultServerEndpointConfigurator.getEndpointInstance(DefaultServerEndpointConfigurator.java:40)
	at org.apache.tomcat.websocket.pojo.PojoEndpointServer.onOpen(PojoEndpointServer.java:44)
	... 8 common frames omitted
Caused by: java.lang.NoSuchMethodException: com.kiwi.poker.controller.TexasPokerController.<init>()
	at java.lang.Class.getConstructor0(Class.java:3082)
	at java.lang.Class.getConstructor(Class.java:1825)
	at org.apache.tomcat.websocket.server.DefaultServerEndpointConfigurator.getEndpointInstance(DefaultServerEndpointConfigurator.java:36)
	... 9 common frames omitted
2019/05/06-15:55 [http-nio-8080-exec-5] ERROR org.apache.coyote.http11.Http11NioProtocol- Error reading request, ignored
java.lang.IllegalArgumentException: Failed to create instance of POJO of type [com.kiwi.poker.controller.TexasPokerController]
	at org.apache.tomcat.websocket.pojo.PojoEndpointServer.onOpen(PojoEndpointServer.java:47)
	at org.apache.tomcat.websocket.server.WsHttpUpgradeHandler.init(WsHttpUpgradeHandler.java:133)
	at org.apache.coyote.AbstractProtocol$ConnectionHandler.process(AbstractProtocol.java:880)
	at org.apache.tomcat.util.net.NioEndpoint$SocketProcessor.doRun(NioEndpoint.java:1415)
	at org.apache.tomcat.util.net.SocketProcessorBase.run(SocketProcessorBase.java:49)
	at java.util.concurrent.ThreadPoolExecutor.runWorker(ThreadPoolExecutor.java:1149)
	at java.util.concurrent.ThreadPoolExecutor$Worker.run(ThreadPoolExecutor.java:624)
	at org.apache.tomcat.util.threads.TaskThread$WrappingRunnable.run(TaskThread.java:61)
	at java.lang.Thread.run(Thread.java:748)
Caused by: java.lang.InstantiationException: null
	at org.apache.tomcat.websocket.server.DefaultServerEndpointConfigurator.getEndpointInstance(DefaultServerEndpointConfigurator.java:40)
	at org.apache.tomcat.websocket.pojo.PojoEndpointServer.onOpen(PojoEndpointServer.java:44)
	... 8 common frames omitted
Caused by: java.lang.NoSuchMethodException: com.kiwi.poker.controller.TexasPokerController.<init>()
	at java.lang.Class.getConstructor0(Class.java:3082)
	at java.lang.Class.getConstructor(Class.java:1825)
	at org.apache.tomcat.websocket.server.DefaultServerEndpointConfigurator.getEndpointInstance(DefaultServerEndpointConfigurator.java:36)
	... 9 common frames omitted
2019/05/06-15:56 [http-nio-8080-exec-6] ERROR org.apache.coyote.http11.Http11NioProtocol- Error reading request, ignored
java.lang.IllegalArgumentException: Failed to create instance of POJO of type [com.kiwi.poker.controller.TexasPokerController]
	at org.apache.tomcat.websocket.pojo.PojoEndpointServer.onOpen(PojoEndpointServer.java:47)
	at org.apache.tomcat.websocket.server.WsHttpUpgradeHandler.init(WsHttpUpgradeHandler.java:133)
	at org.apache.coyote.AbstractProtocol$ConnectionHandler.process(AbstractProtocol.java:880)
	at org.apache.tomcat.util.net.NioEndpoint$SocketProcessor.doRun(NioEndpoint.java:1415)
	at org.apache.tomcat.util.net.SocketProcessorBase.run(SocketProcessorBase.java:49)
	at java.util.concurrent.ThreadPoolExecutor.runWorker(ThreadPoolExecutor.java:1149)
	at java.util.concurrent.ThreadPoolExecutor$Worker.run(ThreadPoolExecutor.java:624)
	at org.apache.tomcat.util.threads.TaskThread$WrappingRunnable.run(TaskThread.java:61)
	at java.lang.Thread.run(Thread.java:748)
Caused by: java.lang.InstantiationException: null
	at org.apache.tomcat.websocket.server.DefaultServerEndpointConfigurator.getEndpointInstance(DefaultServerEndpointConfigurator.java:40)
	at org.apache.tomcat.websocket.pojo.PojoEndpointServer.onOpen(PojoEndpointServer.java:44)
	... 8 common frames omitted
Caused by: java.lang.NoSuchMethodException: com.kiwi.poker.controller.TexasPokerController.<init>()
	at java.lang.Class.getConstructor0(Class.java:3082)
	at java.lang.Class.getConstructor(Class.java:1825)
	at org.apache.tomcat.websocket.server.DefaultServerEndpointConfigurator.getEndpointInstance(DefaultServerEndpointConfigurator.java:36)
	... 9 common frames omitted
2019/05/06-15:57 [main] INFO  com.kiwi.poker.PokerApplication- Starting PokerApplication on Necronomicon with PID 9336 (D:\projects\poker\target\classes started by 61640 in D:\projects\poker)
2019/05/06-15:57 [main] INFO  com.kiwi.poker.PokerApplication- No active profile set, falling back to default profiles: default
2019/05/06-15:57 [main] INFO  org.springframework.boot.web.embedded.tomcat.TomcatWebServer- Tomcat initialized with port(s): 8080 (http)
2019/05/06-15:57 [main] INFO  org.apache.catalina.core.StandardService- Starting service [Tomcat]
2019/05/06-15:57 [main] INFO  org.apache.catalina.core.StandardEngine- Starting Servlet engine: [Apache Tomcat/9.0.17]
2019/05/06-15:57 [main] INFO  org.apache.catalina.core.ContainerBase.[Tomcat].[localhost].[/]- Initializing Spring embedded WebApplicationContext
2019/05/06-15:57 [main] INFO  org.springframework.web.context.ContextLoader- Root WebApplicationContext: initialization completed in 998 ms
2019/05/06-15:57 [main] INFO  org.springframework.scheduling.concurrent.ThreadPoolTaskExecutor- Initializing ExecutorService 'applicationTaskExecutor'
2019/05/06-15:57 [main] INFO  org.springframework.boot.web.embedded.tomcat.TomcatWebServer- Tomcat started on port(s): 8080 (http) with context path ''
2019/05/06-15:57 [main] INFO  com.kiwi.poker.PokerApplication- Started PokerApplication in 1.793 seconds (JVM running for 3.743)
2019/05/06-15:57 [http-nio-8080-exec-1] INFO  org.apache.catalina.core.ContainerBase.[Tomcat].[localhost].[/]- Initializing Spring DispatcherServlet 'dispatcherServlet'
2019/05/06-15:57 [http-nio-8080-exec-1] INFO  org.springframework.web.servlet.DispatcherServlet- Initializing Servlet 'dispatcherServlet'
2019/05/06-15:57 [http-nio-8080-exec-1] INFO  org.springframework.web.servlet.DispatcherServlet- Completed initialization in 5 ms
2019/05/06-15:57 [http-nio-8080-exec-1] ERROR org.apache.coyote.http11.Http11NioProtocol- Error reading request, ignored
java.lang.IllegalArgumentException: Failed to create instance of POJO of type [com.kiwi.poker.controller.TexasPokerController]
	at org.apache.tomcat.websocket.pojo.PojoEndpointServer.onOpen(PojoEndpointServer.java:47)
	at org.apache.tomcat.websocket.server.WsHttpUpgradeHandler.init(WsHttpUpgradeHandler.java:133)
	at org.apache.coyote.AbstractProtocol$ConnectionHandler.process(AbstractProtocol.java:880)
	at org.apache.tomcat.util.net.NioEndpoint$SocketProcessor.doRun(NioEndpoint.java:1415)
	at org.apache.tomcat.util.net.SocketProcessorBase.run(SocketProcessorBase.java:49)
	at java.util.concurrent.ThreadPoolExecutor.runWorker(ThreadPoolExecutor.java:1149)
	at java.util.concurrent.ThreadPoolExecutor$Worker.run(ThreadPoolExecutor.java:624)
	at org.apache.tomcat.util.threads.TaskThread$WrappingRunnable.run(TaskThread.java:61)
	at java.lang.Thread.run(Thread.java:748)
Caused by: java.lang.InstantiationException: null
	at org.apache.tomcat.websocket.server.DefaultServerEndpointConfigurator.getEndpointInstance(DefaultServerEndpointConfigurator.java:40)
	at org.apache.tomcat.websocket.pojo.PojoEndpointServer.onOpen(PojoEndpointServer.java:44)
	... 8 common frames omitted
Caused by: java.lang.NoSuchMethodException: com.kiwi.poker.controller.TexasPokerController.<init>()
	at java.lang.Class.getConstructor0(Class.java:3082)
	at java.lang.Class.getConstructor(Class.java:1825)
	at org.apache.tomcat.websocket.server.DefaultServerEndpointConfigurator.getEndpointInstance(DefaultServerEndpointConfigurator.java:36)
	... 9 common frames omitted
2019/05/06-15:57 [http-nio-8080-exec-3] ERROR org.apache.coyote.http11.Http11NioProtocol- Error reading request, ignored
java.lang.IllegalArgumentException: Failed to create instance of POJO of type [com.kiwi.poker.controller.TexasPokerController]
	at org.apache.tomcat.websocket.pojo.PojoEndpointServer.onOpen(PojoEndpointServer.java:47)
	at org.apache.tomcat.websocket.server.WsHttpUpgradeHandler.init(WsHttpUpgradeHandler.java:133)
	at org.apache.coyote.AbstractProtocol$ConnectionHandler.process(AbstractProtocol.java:880)
	at org.apache.tomcat.util.net.NioEndpoint$SocketProcessor.doRun(NioEndpoint.java:1415)
	at org.apache.tomcat.util.net.SocketProcessorBase.run(SocketProcessorBase.java:49)
	at java.util.concurrent.ThreadPoolExecutor.runWorker(ThreadPoolExecutor.java:1149)
	at java.util.concurrent.ThreadPoolExecutor$Worker.run(ThreadPoolExecutor.java:624)
	at org.apache.tomcat.util.threads.TaskThread$WrappingRunnable.run(TaskThread.java:61)
	at java.lang.Thread.run(Thread.java:748)
Caused by: java.lang.InstantiationException: null
	at org.apache.tomcat.websocket.server.DefaultServerEndpointConfigurator.getEndpointInstance(DefaultServerEndpointConfigurator.java:40)
	at org.apache.tomcat.websocket.pojo.PojoEndpointServer.onOpen(PojoEndpointServer.java:44)
	... 8 common frames omitted
Caused by: java.lang.NoSuchMethodException: com.kiwi.poker.controller.TexasPokerController.<init>()
	at java.lang.Class.getConstructor0(Class.java:3082)
	at java.lang.Class.getConstructor(Class.java:1825)
	at org.apache.tomcat.websocket.server.DefaultServerEndpointConfigurator.getEndpointInstance(DefaultServerEndpointConfigurator.java:36)
	... 9 common frames omitted
2019/05/06-15:57 [http-nio-8080-exec-2] ERROR org.apache.coyote.http11.Http11NioProtocol- Error reading request, ignored
java.lang.IllegalArgumentException: Failed to create instance of POJO of type [com.kiwi.poker.controller.TexasPokerController]
	at org.apache.tomcat.websocket.pojo.PojoEndpointServer.onOpen(PojoEndpointServer.java:47)
	at org.apache.tomcat.websocket.server.WsHttpUpgradeHandler.init(WsHttpUpgradeHandler.java:133)
	at org.apache.coyote.AbstractProtocol$ConnectionHandler.process(AbstractProtocol.java:880)
	at org.apache.tomcat.util.net.NioEndpoint$SocketProcessor.doRun(NioEndpoint.java:1415)
	at org.apache.tomcat.util.net.SocketProcessorBase.run(SocketProcessorBase.java:49)
	at java.util.concurrent.ThreadPoolExecutor.runWorker(ThreadPoolExecutor.java:1149)
	at java.util.concurrent.ThreadPoolExecutor$Worker.run(ThreadPoolExecutor.java:624)
	at org.apache.tomcat.util.threads.TaskThread$WrappingRunnable.run(TaskThread.java:61)
	at java.lang.Thread.run(Thread.java:748)
Caused by: java.lang.InstantiationException: null
	at org.apache.tomcat.websocket.server.DefaultServerEndpointConfigurator.getEndpointInstance(DefaultServerEndpointConfigurator.java:40)
	at org.apache.tomcat.websocket.pojo.PojoEndpointServer.onOpen(PojoEndpointServer.java:44)
	... 8 common frames omitted
Caused by: java.lang.NoSuchMethodException: com.kiwi.poker.controller.TexasPokerController.<init>()
	at java.lang.Class.getConstructor0(Class.java:3082)
	at java.lang.Class.getConstructor(Class.java:1825)
	at org.apache.tomcat.websocket.server.DefaultServerEndpointConfigurator.getEndpointInstance(DefaultServerEndpointConfigurator.java:36)
	... 9 common frames omitted
2019/05/06-15:59 [main] INFO  com.kiwi.poker.PokerApplication- Starting PokerApplication on Necronomicon with PID 5424 (D:\projects\poker\target\classes started by 61640 in D:\projects\poker)
2019/05/06-15:59 [main] INFO  com.kiwi.poker.PokerApplication- No active profile set, falling back to default profiles: default
2019/05/06-15:59 [main] INFO  org.springframework.boot.web.embedded.tomcat.TomcatWebServer- Tomcat initialized with port(s): 8080 (http)
2019/05/06-15:59 [main] INFO  org.apache.catalina.core.StandardService- Starting service [Tomcat]
2019/05/06-15:59 [main] INFO  org.apache.catalina.core.StandardEngine- Starting Servlet engine: [Apache Tomcat/9.0.17]
2019/05/06-15:59 [main] INFO  org.apache.catalina.core.ContainerBase.[Tomcat].[localhost].[/]- Initializing Spring embedded WebApplicationContext
2019/05/06-15:59 [main] INFO  org.springframework.web.context.ContextLoader- Root WebApplicationContext: initialization completed in 1248 ms
2019/05/06-15:59 [main] INFO  org.springframework.scheduling.concurrent.ThreadPoolTaskExecutor- Initializing ExecutorService 'applicationTaskExecutor'
2019/05/06-15:59 [main] INFO  org.springframework.boot.web.embedded.tomcat.TomcatWebServer- Tomcat started on port(s): 8080 (http) with context path ''
2019/05/06-15:59 [main] INFO  com.kiwi.poker.PokerApplication- Started PokerApplication in 2.186 seconds (JVM running for 4.655)
2019/05/06-15:59 [http-nio-8080-exec-1] INFO  org.apache.catalina.core.ContainerBase.[Tomcat].[localhost].[/]- Initializing Spring DispatcherServlet 'dispatcherServlet'
2019/05/06-15:59 [http-nio-8080-exec-1] INFO  org.springframework.web.servlet.DispatcherServlet- Initializing Servlet 'dispatcherServlet'
2019/05/06-15:59 [http-nio-8080-exec-1] INFO  org.springframework.web.servlet.DispatcherServlet- Completed initialization in 6 ms
2019/05/06-15:59 [http-nio-8080-exec-3] ERROR org.apache.coyote.http11.Http11NioProtocol- Error reading request, ignored
java.lang.IllegalArgumentException: Failed to create instance of POJO of type [com.kiwi.poker.controller.TexasPokerController]
	at org.apache.tomcat.websocket.pojo.PojoEndpointServer.onOpen(PojoEndpointServer.java:47)
	at org.apache.tomcat.websocket.server.WsHttpUpgradeHandler.init(WsHttpUpgradeHandler.java:133)
	at org.apache.coyote.AbstractProtocol$ConnectionHandler.process(AbstractProtocol.java:880)
	at org.apache.tomcat.util.net.NioEndpoint$SocketProcessor.doRun(NioEndpoint.java:1415)
	at org.apache.tomcat.util.net.SocketProcessorBase.run(SocketProcessorBase.java:49)
	at java.util.concurrent.ThreadPoolExecutor.runWorker(ThreadPoolExecutor.java:1149)
	at java.util.concurrent.ThreadPoolExecutor$Worker.run(ThreadPoolExecutor.java:624)
	at org.apache.tomcat.util.threads.TaskThread$WrappingRunnable.run(TaskThread.java:61)
	at java.lang.Thread.run(Thread.java:748)
Caused by: java.lang.InstantiationException: null
	at org.apache.tomcat.websocket.server.DefaultServerEndpointConfigurator.getEndpointInstance(DefaultServerEndpointConfigurator.java:40)
	at org.apache.tomcat.websocket.pojo.PojoEndpointServer.onOpen(PojoEndpointServer.java:44)
	... 8 common frames omitted
Caused by: java.lang.NoSuchMethodException: com.kiwi.poker.controller.TexasPokerController.<init>()
	at java.lang.Class.getConstructor0(Class.java:3082)
	at java.lang.Class.getConstructor(Class.java:1825)
	at org.apache.tomcat.websocket.server.DefaultServerEndpointConfigurator.getEndpointInstance(DefaultServerEndpointConfigurator.java:36)
	... 9 common frames omitted
2019/05/06-16:02 [main] INFO  com.kiwi.poker.PokerApplication- Starting PokerApplication on Necronomicon with PID 25732 (D:\projects\poker\target\classes started by 61640 in D:\projects\poker)
2019/05/06-16:02 [main] INFO  com.kiwi.poker.PokerApplication- No active profile set, falling back to default profiles: default
2019/05/06-16:02 [main] INFO  org.springframework.boot.web.embedded.tomcat.TomcatWebServer- Tomcat initialized with port(s): 8080 (http)
2019/05/06-16:02 [main] INFO  org.apache.catalina.core.StandardService- Starting service [Tomcat]
2019/05/06-16:02 [main] INFO  org.apache.catalina.core.StandardEngine- Starting Servlet engine: [Apache Tomcat/9.0.17]
2019/05/06-16:02 [main] INFO  org.apache.catalina.core.ContainerBase.[Tomcat].[localhost].[/]- Initializing Spring embedded WebApplicationContext
2019/05/06-16:02 [main] INFO  org.springframework.web.context.ContextLoader- Root WebApplicationContext: initialization completed in 1901 ms
2019/05/06-16:02 [main] INFO  org.springframework.scheduling.concurrent.ThreadPoolTaskExecutor- Initializing ExecutorService 'applicationTaskExecutor'
2019/05/06-16:02 [main] INFO  org.springframework.boot.web.embedded.tomcat.TomcatWebServer- Tomcat started on port(s): 8080 (http) with context path ''
2019/05/06-16:02 [main] INFO  com.kiwi.poker.PokerApplication- Started PokerApplication in 3.317 seconds (JVM running for 5.413)
2019/05/06-16:02 [http-nio-8080-exec-1] INFO  org.apache.catalina.core.ContainerBase.[Tomcat].[localhost].[/]- Initializing Spring DispatcherServlet 'dispatcherServlet'
2019/05/06-16:02 [http-nio-8080-exec-1] INFO  org.springframework.web.servlet.DispatcherServlet- Initializing Servlet 'dispatcherServlet'
2019/05/06-16:02 [http-nio-8080-exec-1] INFO  org.springframework.web.servlet.DispatcherServlet- Completed initialization in 5 ms
2019/05/06-16:02 [http-nio-8080-exec-1] ERROR org.apache.coyote.http11.Http11NioProtocol- Error reading request, ignored
java.lang.IllegalArgumentException: Failed to create instance of POJO of type [com.kiwi.poker.controller.TexasPokerController]
	at org.apache.tomcat.websocket.pojo.PojoEndpointServer.onOpen(PojoEndpointServer.java:47)
	at org.apache.tomcat.websocket.server.WsHttpUpgradeHandler.init(WsHttpUpgradeHandler.java:133)
	at org.apache.coyote.AbstractProtocol$ConnectionHandler.process(AbstractProtocol.java:880)
	at org.apache.tomcat.util.net.NioEndpoint$SocketProcessor.doRun(NioEndpoint.java:1415)
	at org.apache.tomcat.util.net.SocketProcessorBase.run(SocketProcessorBase.java:49)
	at java.util.concurrent.ThreadPoolExecutor.runWorker(ThreadPoolExecutor.java:1149)
	at java.util.concurrent.ThreadPoolExecutor$Worker.run(ThreadPoolExecutor.java:624)
	at org.apache.tomcat.util.threads.TaskThread$WrappingRunnable.run(TaskThread.java:61)
	at java.lang.Thread.run(Thread.java:748)
Caused by: java.lang.InstantiationException: null
	at org.apache.tomcat.websocket.server.DefaultServerEndpointConfigurator.getEndpointInstance(DefaultServerEndpointConfigurator.java:40)
	at org.apache.tomcat.websocket.pojo.PojoEndpointServer.onOpen(PojoEndpointServer.java:44)
	... 8 common frames omitted
Caused by: java.lang.NoSuchMethodException: com.kiwi.poker.controller.TexasPokerController.<init>()
	at java.lang.Class.getConstructor0(Class.java:3082)
	at java.lang.Class.getConstructor(Class.java:1825)
	at org.apache.tomcat.websocket.server.DefaultServerEndpointConfigurator.getEndpointInstance(DefaultServerEndpointConfigurator.java:36)
	... 9 common frames omitted
2019/05/06-16:03 [main] INFO  com.kiwi.poker.PokerApplication- Starting PokerApplication on Necronomicon with PID 3012 (D:\projects\poker\target\classes started by 61640 in D:\projects\poker)
2019/05/06-16:03 [main] INFO  com.kiwi.poker.PokerApplication- No active profile set, falling back to default profiles: default
2019/05/06-16:03 [main] INFO  org.springframework.boot.web.embedded.tomcat.TomcatWebServer- Tomcat initialized with port(s): 8080 (http)
2019/05/06-16:03 [main] INFO  org.apache.catalina.core.StandardService- Starting service [Tomcat]
2019/05/06-16:03 [main] INFO  org.apache.catalina.core.StandardEngine- Starting Servlet engine: [Apache Tomcat/9.0.17]
2019/05/06-16:03 [main] INFO  org.apache.catalina.core.ContainerBase.[Tomcat].[localhost].[/]- Initializing Spring embedded WebApplicationContext
2019/05/06-16:03 [main] INFO  org.springframework.web.context.ContextLoader- Root WebApplicationContext: initialization completed in 1052 ms
2019/05/06-16:03 [main] INFO  org.springframework.scheduling.concurrent.ThreadPoolTaskExecutor- Initializing ExecutorService 'applicationTaskExecutor'
2019/05/06-16:03 [main] INFO  org.springframework.boot.web.embedded.tomcat.TomcatWebServer- Tomcat started on port(s): 8080 (http) with context path ''
2019/05/06-16:03 [main] INFO  com.kiwi.poker.PokerApplication- Started PokerApplication in 1.968 seconds (JVM running for 4.15)
2019/05/06-16:03 [http-nio-8080-exec-1] INFO  org.apache.catalina.core.ContainerBase.[Tomcat].[localhost].[/]- Initializing Spring DispatcherServlet 'dispatcherServlet'
2019/05/06-16:03 [http-nio-8080-exec-1] INFO  org.springframework.web.servlet.DispatcherServlet- Initializing Servlet 'dispatcherServlet'
2019/05/06-16:03 [http-nio-8080-exec-1] INFO  org.springframework.web.servlet.DispatcherServlet- Completed initialization in 5 ms
2019/05/06-16:03 [http-nio-8080-exec-1] ERROR org.apache.coyote.http11.Http11NioProtocol- Error reading request, ignored
java.lang.IllegalArgumentException: Failed to create instance of POJO of type [com.kiwi.poker.controller.TexasPokerController]
	at org.apache.tomcat.websocket.pojo.PojoEndpointServer.onOpen(PojoEndpointServer.java:47)
	at org.apache.tomcat.websocket.server.WsHttpUpgradeHandler.init(WsHttpUpgradeHandler.java:133)
	at org.apache.coyote.AbstractProtocol$ConnectionHandler.process(AbstractProtocol.java:880)
	at org.apache.tomcat.util.net.NioEndpoint$SocketProcessor.doRun(NioEndpoint.java:1415)
	at org.apache.tomcat.util.net.SocketProcessorBase.run(SocketProcessorBase.java:49)
	at java.util.concurrent.ThreadPoolExecutor.runWorker(ThreadPoolExecutor.java:1149)
	at java.util.concurrent.ThreadPoolExecutor$Worker.run(ThreadPoolExecutor.java:624)
	at org.apache.tomcat.util.threads.TaskThread$WrappingRunnable.run(TaskThread.java:61)
	at java.lang.Thread.run(Thread.java:748)
Caused by: java.lang.InstantiationException: null
	at org.apache.tomcat.websocket.server.DefaultServerEndpointConfigurator.getEndpointInstance(DefaultServerEndpointConfigurator.java:40)
	at org.apache.tomcat.websocket.pojo.PojoEndpointServer.onOpen(PojoEndpointServer.java:44)
	... 8 common frames omitted
Caused by: java.lang.NoSuchMethodException: com.kiwi.poker.controller.TexasPokerController.<init>()
	at java.lang.Class.getConstructor0(Class.java:3082)
	at java.lang.Class.getConstructor(Class.java:1825)
	at org.apache.tomcat.websocket.server.DefaultServerEndpointConfigurator.getEndpointInstance(DefaultServerEndpointConfigurator.java:36)
	... 9 common frames omitted
